
Apr 05, 2022 21:24:41.289 NEW SESSION
Apr 05, 2022 21:24:41.494 [8816:5008:0405/212440.713:ERROR:device_event_log_impl.cc(214)] [21:24:40.713] USB: usb_device_handle_win.cc:1049 Failed to read descriptor from node connection: A device attached to the system is not functioning. (0x1F)
Apr 05, 2022 21:24:41.585 [8816:5008:0405/212441.584:ERROR:device_event_log_impl.cc(214)] [21:24:41.584] Bluetooth: bluetooth_adapter_winrt.cc:1075 Getting Default Adapter failed.
Apr 11, 2022 23:00:15.468 [8816:1652:0411/225955.158:ERROR:connection_factory_impl.cc(425)] Failed to connect to MCS endpoint with error -105
Apr 11, 2022 23:00:36.44 [8816:1652:0411/230012.171:ERROR:connection_factory_impl.cc(425)] Failed to connect to MCS endpoint with error -106
Apr 11, 2022 23:00:36.48 [8816:5008:0411/230035.090:ERROR:device_event_log_impl.cc(214)] [23:00:34.257] USB: usb_service_win.cc:260 Failed to get device driver name: Element not found. (0x490)

Apr 12, 2022 20:51:29.270 NEW SESSION
Apr 12, 2022 20:51:29.270 [2376:5744:0412/205129.257:ERROR:device_event_log_impl.cc(214)] [20:51:29.256] USB: usb_device_handle_win.cc:1049 Failed to read descriptor from node connection: A device attached to the system is not functioning. (0x1F)
Apr 12, 2022 20:51:29.356 [2376:5744:0412/205129.307:ERROR:device_event_log_impl.cc(214)] [20:51:29.307] Bluetooth: bluetooth_adapter_winrt.cc:1075 Getting Default Adapter failed.
Apr 12, 2022 20:51:55.253 [2376:3896:0412/205155.252:ERROR:util.cc(126)] Can't create base directory: C:\Program Files\Google\GoogleUpdater
Apr 23, 2022 20:10:31.350 [2376:232:0423/201018.084:ERROR:connection_factory_impl.cc(425)] Failed to connect to MCS endpoint with error -105
Apr 23, 2022 20:10:38.493 [2376:5728:0423/201038.492:ERROR:util.cc(126)] Can't create base directory: C:\Program Files\Google\GoogleUpdater
Apr 24, 2022 11:01:54.69 [2376:12416:0424/110143.730:ERROR:util.cc(126)] Can't create base directory: C:\Program Files\Google\GoogleUpdater
Apr 25, 2022 22:41:33.59 [2376:11344:0425/224103.248:ERROR:util.cc(126)] Can't create base directory: C:\Program Files\Google\GoogleUpdater
Apr 25, 2022 23:03:47.497 [2376:13348:0425/230347.276:ERROR:util.cc(126)] Can't create base directory: C:\Program Files\Google\GoogleUpdater

May 04, 2022 21:13:45.135 NEW SESSION
May 04, 2022 21:13:45.135 [2168:6952:0504/211345.098:ERROR:device_event_log_impl.cc(214)] [21:13:45.098] USB: usb_device_handle_win.cc:1049 Failed to read descriptor from node connection: A device attached to the system is not functioning. (0x1F)
May 04, 2022 21:13:45.481 [2168:6952:0504/211345.481:ERROR:device_event_log_impl.cc(214)] [21:13:45.481] Bluetooth: bluetooth_adapter_winrt.cc:1075 Getting Default Adapter failed.
May 04, 2022 21:14:43.150 [2168:4264:0504/211443.149:ERROR:util.cc(126)] Can't create base directory: C:\Program Files\Google\GoogleUpdater
May 04, 2022 21:28:21.606 [2168:5240:0504/212821.605:ERROR:database.cc(1782)] History SQLite error: code 1555 errno 0: UNIQUE constraint failed: context_annotations.visit_id sql: INSERT INTO context_annotations( visit_id,context_annotation_flags,duration_since_last_visit,page_end_reason,total_foreground_duration )VALUES(?,?,?,?,?)
May 04, 2022 21:28:26.532 [2168:5240:0504/212826.532:ERROR:database.cc(1782)] History SQLite error: code 1555 errno 0: UNIQUE constraint failed: context_annotations.visit_id sql: INSERT INTO context_annotations( visit_id,context_annotation_flags,duration_since_last_visit,page_end_reason,total_foreground_duration )VALUES(?,?,?,?,?)
May 04, 2022 21:28:27.656 [2168:5240:0504/212827.656:ERROR:database.cc(1782)] History SQLite error: code 1555 errno 0: UNIQUE constraint failed: context_annotations.visit_id sql: INSERT INTO context_annotations( visit_id,context_annotation_flags,duration_since_last_visit,page_end_reason,total_foreground_duration )VALUES(?,?,?,?,?)
May 04, 2022 21:29:03.777 [2168:5240:0504/212903.774:ERROR:database.cc(1782)] History SQLite error: code 1555 errno 0: UNIQUE constraint failed: context_annotations.visit_id sql: INSERT INTO context_annotations( visit_id,context_annotation_flags,duration_since_last_visit,page_end_reason,total_foreground_duration )VALUES(?,?,?,?,?)
May 04, 2022 21:29:05.815 [2168:5240:0504/212905.815:ERROR:database.cc(1782)] History SQLite error: code 1555 errno 0: UNIQUE constraint failed: context_annotations.visit_id sql: INSERT INTO context_annotations( visit_id,context_annotation_flags,duration_since_last_visit,page_end_reason,total_foreground_duration )VALUES(?,?,?,?,?)
May 04, 2022 21:33:13.378 [2168:1312:0504/213313.378:ERROR:database.cc(1782)] History SQLite error: code 1555 errno 0: UNIQUE constraint failed: context_annotations.visit_id sql: INSERT INTO context_annotations( visit_id,context_annotation_flags,duration_since_last_visit,page_end_reason,total_foreground_duration )VALUES(?,?,?,?,?)
May 04, 2022 21:34:59.558 [2168:956:0504/213459.555:ERROR:database.cc(1782)] History SQLite error: code 1555 errno 0: UNIQUE constraint failed: context_annotations.visit_id sql: INSERT INTO context_annotations( visit_id,context_annotation_flags,duration_since_last_visit,page_end_reason,total_foreground_duration )VALUES(?,?,?,?,?)
May 04, 2022 21:35:32.273 [2168:2496:0504/213532.268:ERROR:database.cc(1782)] History SQLite error: code 1555 errno 0: UNIQUE constraint failed: context_annotations.visit_id sql: INSERT INTO context_annotations( visit_id,context_annotation_flags,duration_since_last_visit,page_end_reason,total_foreground_duration )VALUES(?,?,?,?,?)
May 04, 2022 21:37:06.356 [2168:2496:0504/213706.354:ERROR:database.cc(1782)] History SQLite error: code 1555 errno 0: UNIQUE constraint failed: context_annotations.visit_id sql: INSERT INTO context_annotations( visit_id,context_annotation_flags,duration_since_last_visit,page_end_reason,total_foreground_duration )VALUES(?,?,?,?,?)
May 04, 2022 21:38:38.627 [2168:1312:0504/213838.621:ERROR:database.cc(1782)] History SQLite error: code 1555 errno 0: UNIQUE constraint failed: context_annotations.visit_id sql: INSERT INTO context_annotations( visit_id,context_annotation_flags,duration_since_last_visit,page_end_reason,total_foreground_duration )VALUES(?,?,?,?,?)
May 04, 2022 21:41:05.195 [2168:5240:0504/214105.194:ERROR:database.cc(1782)] History SQLite error: code 1555 errno 0: UNIQUE constraint failed: context_annotations.visit_id sql: INSERT INTO context_annotations( visit_id,context_annotation_flags,duration_since_last_visit,page_end_reason,total_foreground_duration )VALUES(?,?,?,?,?)
May 04, 2022 21:53:08.42 [2168:1312:0504/215308.042:ERROR:database.cc(1782)] History SQLite error: code 1555 errno 0: UNIQUE constraint failed: context_annotations.visit_id sql: INSERT INTO context_annotations( visit_id,context_annotation_flags,duration_since_last_visit,page_end_reason,total_foreground_duration )VALUES(?,?,?,?,?)
May 04, 2022 21:55:52.285 [2168:2496:0504/215552.284:ERROR:database.cc(1782)] History SQLite error: code 1555 errno 0: UNIQUE constraint failed: context_annotations.visit_id sql: INSERT INTO context_annotations( visit_id,context_annotation_flags,duration_since_last_visit,page_end_reason,total_foreground_duration )VALUES(?,?,?,?,?)
May 04, 2022 21:55:57.943 [2168:1312:0504/215557.942:ERROR:database.cc(1782)] History SQLite error: code 1555 errno 0: UNIQUE constraint failed: context_annotations.visit_id sql: INSERT INTO context_annotations( visit_id,context_annotation_flags,duration_since_last_visit,page_end_reason,total_foreground_duration )VALUES(?,?,?,?,?)
May 04, 2022 21:57:50.402 [2168:2496:0504/215750.402:ERROR:database.cc(1782)] History SQLite error: code 1555 errno 0: UNIQUE constraint failed: context_annotations.visit_id sql: INSERT INTO context_annotations( visit_id,context_annotation_flags,duration_since_last_visit,page_end_reason,total_foreground_duration )VALUES(?,?,?,?,?)
May 04, 2022 21:58:30.88 [2168:2496:0504/215830.087:ERROR:database.cc(1782)] History SQLite error: code 1555 errno 0: UNIQUE constraint failed: context_annotations.visit_id sql: INSERT INTO context_annotations( visit_id,context_annotation_flags,duration_since_last_visit,page_end_reason,total_foreground_duration )VALUES(?,?,?,?,?)
May 04, 2022 21:58:57.600 [2168:956:0504/215857.599:ERROR:database.cc(1782)] History SQLite error: code 1555 errno 0: UNIQUE constraint failed: context_annotations.visit_id sql: INSERT INTO context_annotations( visit_id,context_annotation_flags,duration_since_last_visit,page_end_reason,total_foreground_duration )VALUES(?,?,?,?,?)
May 04, 2022 21:58:58.471 [2168:956:0504/215858.471:ERROR:database.cc(1782)] History SQLite error: code 1555 errno 0: UNIQUE constraint failed: context_annotations.visit_id sql: INSERT INTO context_annotations( visit_id,context_annotation_flags,duration_since_last_visit,page_end_reason,total_foreground_duration )VALUES(?,?,?,?,?)
May 04, 2022 21:58:59.152 [2168:2496:0504/215859.151:ERROR:database.cc(1782)] History SQLite error: code 1555 errno 0: UNIQUE constraint failed: context_annotations.visit_id sql: INSERT INTO context_annotations( visit_id,context_annotation_flags,duration_since_last_visit,page_end_reason,total_foreground_duration )VALUES(?,?,?,?,?)
May 04, 2022 21:59:00.119 [2168:956:0504/215900.119:ERROR:database.cc(1782)] History SQLite error: code 1555 errno 0: UNIQUE constraint failed: context_annotations.visit_id sql: INSERT INTO context_annotations( visit_id,context_annotation_flags,duration_since_last_visit,page_end_reason,total_foreground_duration )VALUES(?,?,?,?,?)
May 04, 2022 21:59:01.19 [2168:956:0504/215901.019:ERROR:database.cc(1782)] History SQLite error: code 1555 errno 0: UNIQUE constraint failed: context_annotations.visit_id sql: INSERT INTO context_annotations( visit_id,context_annotation_flags,duration_since_last_visit,page_end_reason,total_foreground_duration )VALUES(?,?,?,?,?)
May 04, 2022 21:59:01.806 [2168:956:0504/215901.806:ERROR:database.cc(1782)] History SQLite error: code 1555 errno 0: UNIQUE constraint failed: context_annotations.visit_id sql: INSERT INTO context_annotations( visit_id,context_annotation_flags,duration_since_last_visit,page_end_reason,total_foreground_duration )VALUES(?,?,?,?,?)
May 04, 2022 22:00:56.668 [2168:956:0504/220056.667:ERROR:database.cc(1782)] History SQLite error: code 1555 errno 0: UNIQUE constraint failed: context_annotations.visit_id sql: INSERT INTO context_annotations( visit_id,context_annotation_flags,duration_since_last_visit,page_end_reason,total_foreground_duration )VALUES(?,?,?,?,?)
May 04, 2022 22:01:01.246 [2168:956:0504/220101.246:ERROR:database.cc(1782)] History SQLite error: code 1555 errno 0: UNIQUE constraint failed: context_annotations.visit_id sql: INSERT INTO context_annotations( visit_id,context_annotation_flags,duration_since_last_visit,page_end_reason,total_foreground_duration )VALUES(?,?,?,?,?)
May 04, 2022 22:01:04.426 [2168:2496:0504/220104.426:ERROR:database.cc(1782)] History SQLite error: code 1555 errno 0: UNIQUE constraint failed: context_annotations.visit_id sql: INSERT INTO context_annotations( visit_id,context_annotation_flags,duration_since_last_visit,page_end_reason,total_foreground_duration )VALUES(?,?,?,?,?)
May 04, 2022 22:01:05.307 [2168:2496:0504/220105.306:ERROR:database.cc(1782)] History SQLite error: code 1555 errno 0: UNIQUE constraint failed: context_annotations.visit_id sql: INSERT INTO context_annotations( visit_id,context_annotation_flags,duration_since_last_visit,page_end_reason,total_foreground_duration )VALUES(?,?,?,?,?)
May 04, 2022 22:01:43.836 [2168:956:0504/220143.835:ERROR:database.cc(1782)] History SQLite error: code 1555 errno 0: UNIQUE constraint failed: context_annotations.visit_id sql: INSERT INTO context_annotations( visit_id,context_annotation_flags,duration_since_last_visit,page_end_reason,total_foreground_duration )VALUES(?,?,?,?,?)
May 04, 2022 22:02:47.413 [2168:2496:0504/220247.413:ERROR:database.cc(1782)] History SQLite error: code 1555 errno 0: UNIQUE constraint failed: context_annotations.visit_id sql: INSERT INTO context_annotations( visit_id,context_annotation_flags,duration_since_last_visit,page_end_reason,total_foreground_duration )VALUES(?,?,?,?,?)
May 04, 2022 22:03:33.782 [2168:1312:0504/220333.782:ERROR:database.cc(1782)] History SQLite error: code 1555 errno 0: UNIQUE constraint failed: context_annotations.visit_id sql: INSERT INTO context_annotations( visit_id,context_annotation_flags,duration_since_last_visit,page_end_reason,total_foreground_duration )VALUES(?,?,?,?,?)
May 04, 2022 22:03:39.939 [2168:2496:0504/220339.938:ERROR:database.cc(1782)] History SQLite error: code 1555 errno 0: UNIQUE constraint failed: context_annotations.visit_id sql: INSERT INTO context_annotations( visit_id,context_annotation_flags,duration_since_last_visit,page_end_reason,total_foreground_duration )VALUES(?,?,?,?,?)
May 04, 2022 22:04:51.510 [2168:2496:0504/220451.510:ERROR:database.cc(1782)] History SQLite error: code 1555 errno 0: UNIQUE constraint failed: context_annotations.visit_id sql: INSERT INTO context_annotations( visit_id,context_annotation_flags,duration_since_last_visit,page_end_reason,total_foreground_duration )VALUES(?,?,?,?,?)
May 04, 2022 22:04:59.592 [2168:1312:0504/220459.592:ERROR:database.cc(1782)] History SQLite error: code 1555 errno 0: UNIQUE constraint failed: context_annotations.visit_id sql: INSERT INTO context_annotations( visit_id,context_annotation_flags,duration_since_last_visit,page_end_reason,total_foreground_duration )VALUES(?,?,?,?,?)
May 04, 2022 22:05:07.01 [2168:2496:0504/220507.001:ERROR:database.cc(1782)] History SQLite error: code 1555 errno 0: UNIQUE constraint failed: context_annotations.visit_id sql: INSERT INTO context_annotations( visit_id,context_annotation_flags,duration_since_last_visit,page_end_reason,total_foreground_duration )VALUES(?,?,?,?,?)
May 04, 2022 22:05:26.203 [2168:5240:0504/220526.202:ERROR:database.cc(1782)] History SQLite error: code 1555 errno 0: UNIQUE constraint failed: context_annotations.visit_id sql: INSERT INTO context_annotations( visit_id,context_annotation_flags,duration_since_last_visit,page_end_reason,total_foreground_duration )VALUES(?,?,?,?,?)
May 04, 2022 22:09:54.316 [2168:3028:0504/220954.316:ERROR:database.cc(1782)] History SQLite error: code 1555 errno 0: UNIQUE constraint failed: context_annotations.visit_id sql: INSERT INTO context_annotations( visit_id,context_annotation_flags,duration_since_last_visit,page_end_reason,total_foreground_duration )VALUES(?,?,?,?,?)
May 04, 2022 22:09:55.818 [2168:3028:0504/220955.818:ERROR:database.cc(1782)] History SQLite error: code 1555 errno 0: UNIQUE constraint failed: context_annotations.visit_id sql: INSERT INTO context_annotations( visit_id,context_annotation_flags,duration_since_last_visit,page_end_reason,total_foreground_duration )VALUES(?,?,?,?,?)
May 04, 2022 22:09:58.234 [2168:3028:0504/220958.234:ERROR:database.cc(1782)] History SQLite error: code 1555 errno 0: UNIQUE constraint failed: context_annotations.visit_id sql: INSERT INTO context_annotations( visit_id,context_annotation_flags,duration_since_last_visit,page_end_reason,total_foreground_duration )VALUES(?,?,?,?,?)
May 04, 2022 22:09:58.721 [2168:3028:0504/220958.720:ERROR:database.cc(1782)] History SQLite error: code 1555 errno 0: UNIQUE constraint failed: context_annotations.visit_id sql: INSERT INTO context_annotations( visit_id,context_annotation_flags,duration_since_last_visit,page_end_reason,total_foreground_duration )VALUES(?,?,?,?,?)
May 04, 2022 22:10:00.188 [2168:956:0504/221000.187:ERROR:database.cc(1782)] History SQLite error: code 1555 errno 0: UNIQUE constraint failed: context_annotations.visit_id sql: INSERT INTO context_annotations( visit_id,context_annotation_flags,duration_since_last_visit,page_end_reason,total_foreground_duration )VALUES(?,?,?,?,?)
May 04, 2022 22:10:09.937 [2168:956:0504/221009.937:ERROR:database.cc(1782)] History SQLite error: code 1555 errno 0: UNIQUE constraint failed: context_annotations.visit_id sql: INSERT INTO context_annotations( visit_id,context_annotation_flags,duration_since_last_visit,page_end_reason,total_foreground_duration )VALUES(?,?,?,?,?)
May 04, 2022 22:10:11.871 [2168:956:0504/221011.870:ERROR:database.cc(1782)] History SQLite error: code 1555 errno 0: UNIQUE constraint failed: context_annotations.visit_id sql: INSERT INTO context_annotations( visit_id,context_annotation_flags,duration_since_last_visit,page_end_reason,total_foreground_duration )VALUES(?,?,?,?,?)
